[*] [INFO] Site : Starting a new monitoring thread
[*] [INFO] Site : Retrieving Pastebin IDs from site
[*] [DEBUG] Site : Retrieved the following: : ['eStgjjrf', 'S0jKgG1V', 'xjSUBA97', 'F27iTnA1', 'bFkdDwY2', 'WuzngNhs', 'wXPAzFYg', 'kZej3WfA', '4NT7EWKj', 'dwDt4UGD', 'i8KMMHbq', '74AdQrHq', 'YiEnAvpB', 'FqFC6G8G', 'cZNKLjpX', 'F4j5PzVd', 'nRa4U4i7', 'nXgdx6V5', '1A5jebgT', '5XxMJHEs', 'XMdSi5QD', 'uD3Wp1UX', 'E7zWjEVv', 'Z9D5vNjt', 'iXZydaBh']
[*] [DEBUG] Site : Preparing to add to queue until we see paste None
[*] [DEBUG] Site : Found new ID eStgjjrf (not None)
[*] [DEBUG] Site : Found new ID S0jKgG1V (not None)
[*] [DEBUG] Site : Found new ID xjSUBA97 (not None)
[*] [DEBUG] Site : Found new ID F27iTnA1 (not None)
[*] [DEBUG] Site : Found new ID bFkdDwY2 (not None)
[*] [DEBUG] Site : Found new ID WuzngNhs (not None)
[*] [DEBUG] Site : Found new ID wXPAzFYg (not None)
[*] [DEBUG] Site : Found new ID kZej3WfA (not None)
[*] [DEBUG] Site : Found new ID 4NT7EWKj (not None)
[*] [DEBUG] Site : Found new ID dwDt4UGD (not None)
[*] [DEBUG] Site : Found new ID i8KMMHbq (not None)
[*] [DEBUG] Site : Found new ID 74AdQrHq (not None)
[*] [DEBUG] Site : Found new ID YiEnAvpB (not None)
[*] [DEBUG] Site : Found new ID FqFC6G8G (not None)
[*] [DEBUG] Site : Found new ID cZNKLjpX (not None)
[*] [DEBUG] Site : Found new ID F4j5PzVd (not None)
[*] [DEBUG] Site : Found new ID nRa4U4i7 (not None)
[*] [DEBUG] Site : Found new ID nXgdx6V5 (not None)
[*] [DEBUG] Site : Found new ID 1A5jebgT (not None)
[*] [DEBUG] Site : Found new ID 5XxMJHEs (not None)
[*] [DEBUG] Site : Found new ID XMdSi5QD (not None)
[*] [DEBUG] Site : Found new ID uD3Wp1UX (not None)
[*] [DEBUG] Site : Found new ID E7zWjEVv (not None)
[*] [DEBUG] Site : Found new ID Z9D5vNjt (not None)
[*] [DEBUG] Site : Found new ID iXZydaBh (not None)
[*] [DEBUG] Site : SEED set to eStgjjrf
[*] [DEBUG] Site : Good morning!
[*] [DEBUG] Site : Nothing interesting in paste eStgjjrf. Continuing
[*] [DEBUG] Paste : Wrote paste eStgjjrf to file system successfully
[*] [DEBUG] Site : Nothing interesting in paste S0jKgG1V. Continuing
[*] [DEBUG] Paste : Wrote paste S0jKgG1V to file system successfully
[*] [DEBUG] Site : Nothing interesting in paste xjSUBA97. Continuing
[*] [DEBUG] Paste : Wrote paste xjSUBA97 to file system successfully
[*] [DEBUG] Site : Nothing interesting in paste F27iTnA1. Continuing
[*] [DEBUG] Paste : Wrote paste F27iTnA1 to file system successfully
[*] [DEBUG] Site : Nothing interesting in paste bFkdDwY2. Continuing
[*] [DEBUG] Paste : Wrote paste bFkdDwY2 to file system successfully
[*] [DEBUG] Site : Nothing interesting in paste WuzngNhs. Continuing
[*] [DEBUG] Paste : Wrote paste WuzngNhs to file system successfully
[*] [DEBUG] Site : Nothing interesting in paste wXPAzFYg. Continuing
[*] [DEBUG] Paste : Wrote paste wXPAzFYg to file system successfully
[*] [DEBUG] Site : Nothing interesting in paste kZej3WfA. Continuing
[*] [DEBUG] Paste : Wrote paste kZej3WfA to file system successfully
[*] [DEBUG] Site : Nothing interesting in paste 4NT7EWKj. Continuing
[*] [DEBUG] Paste : Wrote paste 4NT7EWKj to file system successfully
[*] [DEBUG] Site : Nothing interesting in paste dwDt4UGD. Continuing
[*] [DEBUG] Paste : Wrote paste dwDt4UGD to file system successfully
[*] [DEBUG] Site : Nothing interesting in paste i8KMMHbq. Continuing
[*] [DEBUG] Paste : Wrote paste i8KMMHbq to file system successfully
[*] [DEBUG] Site : Nothing interesting in paste 74AdQrHq. Continuing
[*] [DEBUG] Paste : Wrote paste 74AdQrHq to file system successfully
[*] [DEBUG] Site : Nothing interesting in paste YiEnAvpB. Continuing
[*] [DEBUG] Paste : Wrote paste YiEnAvpB to file system successfully
[*] [DEBUG] Site : Nothing interesting in paste FqFC6G8G. Continuing
[*] [DEBUG] Paste : Wrote paste FqFC6G8G to file system successfully
[*] [DEBUG] Site : Nothing interesting in paste cZNKLjpX. Continuing
[*] [DEBUG] Paste : Wrote paste cZNKLjpX to file system successfully
[*] [DEBUG] Site : Nothing interesting in paste F4j5PzVd. Continuing
[*] [DEBUG] Paste : Wrote paste F4j5PzVd to file system successfully
[*] [DEBUG] Site : Nothing interesting in paste nRa4U4i7. Continuing
[*] [DEBUG] Paste : Wrote paste nRa4U4i7 to file system successfully
[*] [DEBUG] Site : Nothing interesting in paste nXgdx6V5. Continuing
[*] [DEBUG] Paste : Wrote paste nXgdx6V5 to file system successfully
[*] [DEBUG] Site : Nothing interesting in paste 1A5jebgT. Continuing
[*] [DEBUG] Paste : Wrote paste 1A5jebgT to file system successfully
[*] [DEBUG] Site : Nothing interesting in paste 5XxMJHEs. Continuing
[*] [DEBUG] Paste : Wrote paste 5XxMJHEs to file system successfully
[*] [DEBUG] Site : Nothing interesting in paste XMdSi5QD. Continuing
[*] [DEBUG] Paste : Wrote paste XMdSi5QD to file system successfully
[*] [DEBUG] Site : Nothing interesting in paste uD3Wp1UX. Continuing
[*] [DEBUG] Paste : Wrote paste uD3Wp1UX to file system successfully
[*] [DEBUG] Site : Nothing interesting in paste E7zWjEVv. Continuing
[*] [DEBUG] Paste : Wrote paste E7zWjEVv to file system successfully
[*] [DEBUG] Site : Nothing interesting in paste Z9D5vNjt. Continuing
[*] [DEBUG] Paste : Wrote paste Z9D5vNjt to file system successfully
[*] [DEBUG] Site : Nothing interesting in paste iXZydaBh. Continuing
[*] [DEBUG] Paste : Wrote paste iXZydaBh to file system successfully
[*] [DEBUG] Site : Going to sleep
[*] [DEBUG] Site : Searching for new pastes...
[*] [INFO] Site : Retrieving Pastebin IDs from site
[*] [DEBUG] Site : Retrieved the following: : ['YAkKQhBt', 'pBqfcGnc', 'Kh260r1q', 'qUY2Z7nY', 'UpnpYBhm', '7UGNYSiU', 'PXtbEtDX', 'eStgjjrf', 'S0jKgG1V', 'xjSUBA97', 'F27iTnA1', 'bFkdDwY2', 'WuzngNhs', 'wXPAzFYg', 'kZej3WfA', '4NT7EWKj', 'dwDt4UGD', 'i8KMMHbq', '74AdQrHq', 'YiEnAvpB', 'FqFC6G8G', 'cZNKLjpX', 'F4j5PzVd', 'nRa4U4i7', 'nXgdx6V5']
[*] [DEBUG] Site : Preparing to add to queue until we see paste eStgjjrf
[*] [DEBUG] Site : Found new ID YAkKQhBt (not eStgjjrf)
[*] [DEBUG] Site : Found new ID pBqfcGnc (not eStgjjrf)
[*] [DEBUG] Site : Found new ID Kh260r1q (not eStgjjrf)
[*] [DEBUG] Site : Found new ID qUY2Z7nY (not eStgjjrf)
[*] [DEBUG] Site : Found new ID UpnpYBhm (not eStgjjrf)
[*] [DEBUG] Site : Found new ID 7UGNYSiU (not eStgjjrf)
[*] [DEBUG] Site : Found new ID PXtbEtDX (not eStgjjrf)
[*] [DEBUG] Site : Breaking because we saw eStgjjrf, which was on our last grab
[*] [DEBUG] Site : Setting watchpoint at YAkKQhBt
[*] [DEBUG] Site : Good morning!
[*] [DEBUG] Site : Nothing interesting in paste YAkKQhBt. Continuing
[*] [DEBUG] Paste : Wrote paste YAkKQhBt to file system successfully
[*] [DEBUG] Site : Nothing interesting in paste pBqfcGnc. Continuing
[*] [DEBUG] Paste : Wrote paste pBqfcGnc to file system successfully
[*] [DEBUG] Site : Nothing interesting in paste Kh260r1q. Continuing
[*] [DEBUG] Paste : Wrote paste Kh260r1q to file system successfully
[*] [DEBUG] Site : Nothing interesting in paste qUY2Z7nY. Continuing
[*] [DEBUG] Paste : Wrote paste qUY2Z7nY to file system successfully
[*] [DEBUG] Site : Nothing interesting in paste UpnpYBhm. Continuing
[*] [DEBUG] Paste : Wrote paste UpnpYBhm to file system successfully
[*] [DEBUG] Site : Nothing interesting in paste 7UGNYSiU. Continuing
[*] [DEBUG] Paste : Wrote paste 7UGNYSiU to file system successfully
[*] [DEBUG] Site : Nothing interesting in paste PXtbEtDX. Continuing
[*] [DEBUG] Paste : Wrote paste PXtbEtDX to file system successfully
[*] [DEBUG] Site : Going to sleep
[*] [DEBUG] Site : Searching for new pastes...
[*] [INFO] Site : Retrieving Pastebin IDs from site
[*] [DEBUG] Site : Retrieved the following: : ['N14KxTdG', 'Yy76CmrN', 'YgxCkv7s', 'Kfmp99XX', 'DQXE6VdG', 'PUx3u1yG', 'ehBhvkF9', 'Wn268hem', 'Z94mtVUP', '9DQH31r3', 'R0XLgLWX', 'YAkKQhBt', 'pBqfcGnc', 'Kh260r1q', 'qUY2Z7nY', 'UpnpYBhm', '7UGNYSiU', 'PXtbEtDX', 'eStgjjrf', 'S0jKgG1V', 'xjSUBA97', 'F27iTnA1', 'bFkdDwY2', 'WuzngNhs', 'wXPAzFYg']
[*] [DEBUG] Site : Preparing to add to queue until we see paste YAkKQhBt
[*] [DEBUG] Site : Found new ID N14KxTdG (not YAkKQhBt)
[*] [DEBUG] Site : Found new ID Yy76CmrN (not YAkKQhBt)
[*] [DEBUG] Site : Found new ID YgxCkv7s (not YAkKQhBt)
[*] [DEBUG] Site : Found new ID Kfmp99XX (not YAkKQhBt)
[*] [DEBUG] Site : Found new ID DQXE6VdG (not YAkKQhBt)
[*] [DEBUG] Site : Found new ID PUx3u1yG (not YAkKQhBt)
[*] [DEBUG] Site : Found new ID ehBhvkF9 (not YAkKQhBt)
[*] [DEBUG] Site : Found new ID Wn268hem (not YAkKQhBt)
[*] [DEBUG] Site : Found new ID Z94mtVUP (not YAkKQhBt)
[*] [DEBUG] Site : Found new ID 9DQH31r3 (not YAkKQhBt)
[*] [DEBUG] Site : Found new ID R0XLgLWX (not YAkKQhBt)
[*] [DEBUG] Site : Breaking because we saw YAkKQhBt, which was on our last grab
[*] [DEBUG] Site : Setting watchpoint at N14KxTdG
[*] [DEBUG] Site : Good morning!
[*] [DEBUG] Site : Nothing interesting in paste N14KxTdG. Continuing
[*] [DEBUG] Paste : Wrote paste N14KxTdG to file system successfully
[*] [DEBUG] Site : Nothing interesting in paste Yy76CmrN. Continuing
[*] [DEBUG] Paste : Wrote paste Yy76CmrN to file system successfully
[*] [DEBUG] Site : Nothing interesting in paste YgxCkv7s. Continuing
[*] [DEBUG] Paste : Wrote paste YgxCkv7s to file system successfully
[*] [DEBUG] Site : Nothing interesting in paste Kfmp99XX. Continuing
[*] [DEBUG] Paste : Wrote paste Kfmp99XX to file system successfully
[*] [DEBUG] Site : Nothing interesting in paste DQXE6VdG. Continuing
[*] [DEBUG] Paste : Wrote paste DQXE6VdG to file system successfully
[*] [DEBUG] Site : Nothing interesting in paste PUx3u1yG. Continuing
[*] [DEBUG] Paste : Wrote paste PUx3u1yG to file system successfully
[*] [DEBUG] Site : Nothing interesting in paste ehBhvkF9. Continuing
[*] [DEBUG] Paste : Wrote paste ehBhvkF9 to file system successfully
[*] [DEBUG] Site : Nothing interesting in paste Wn268hem. Continuing
[*] [DEBUG] Paste : Wrote paste Wn268hem to file system successfully
[*] [DEBUG] Site : Nothing interesting in paste Z94mtVUP. Continuing
[*] [DEBUG] Paste : Wrote paste Z94mtVUP to file system successfully
[*] [DEBUG] Site : Nothing interesting in paste 9DQH31r3. Continuing
[*] [DEBUG] Paste : Wrote paste 9DQH31r3 to file system successfully
[*] [DEBUG] Site : Nothing interesting in paste R0XLgLWX. Continuing
[*] [DEBUG] Paste : Wrote paste R0XLgLWX to file system successfully
[*] [DEBUG] Site : Going to sleep
[*] [DEBUG] Site : Searching for new pastes...
[*] [INFO] Site : Retrieving Pastebin IDs from site
[*] [DEBUG] Site : Retrieved the following: : ['zBgrHrtB', 'XU7mW2GJ', 'QkQ8mqZ0', 'cbqkizEx', 'zjSvzgBZ', 'ALGtSaKe', 'G7e2ecGh', 'vM1ZNhce', 'vCwxcuq8', 'zMMrAgeu', 'eznCYKHv', '3pRPTMx2', 'V1E5bhS6', 'wiSc0fY9', 'fYHaanCF', 'N14KxTdG', 'Yy76CmrN', 'YgxCkv7s', 'Kfmp99XX', 'DQXE6VdG', 'PUx3u1yG', 'ehBhvkF9', 'Wn268hem', 'Z94mtVUP', '9DQH31r3']
[*] [DEBUG] Site : Preparing to add to queue until we see paste N14KxTdG
[*] [DEBUG] Site : Found new ID zBgrHrtB (not N14KxTdG)
[*] [DEBUG] Site : Found new ID XU7mW2GJ (not N14KxTdG)
[*] [DEBUG] Site : Found new ID QkQ8mqZ0 (not N14KxTdG)
[*] [DEBUG] Site : Found new ID cbqkizEx (not N14KxTdG)
[*] [DEBUG] Site : Found new ID zjSvzgBZ (not N14KxTdG)
[*] [DEBUG] Site : Found new ID ALGtSaKe (not N14KxTdG)
[*] [DEBUG] Site : Found new ID G7e2ecGh (not N14KxTdG)
[*] [DEBUG] Site : Found new ID vM1ZNhce (not N14KxTdG)
[*] [DEBUG] Site : Found new ID vCwxcuq8 (not N14KxTdG)
[*] [DEBUG] Site : Found new ID zMMrAgeu (not N14KxTdG)
[*] [DEBUG] Site : Found new ID eznCYKHv (not N14KxTdG)
[*] [DEBUG] Site : Found new ID 3pRPTMx2 (not N14KxTdG)
[*] [DEBUG] Site : Found new ID V1E5bhS6 (not N14KxTdG)
[*] [DEBUG] Site : Found new ID wiSc0fY9 (not N14KxTdG)
[*] [DEBUG] Site : Found new ID fYHaanCF (not N14KxTdG)
[*] [DEBUG] Site : Breaking because we saw N14KxTdG, which was on our last grab
[*] [DEBUG] Site : Setting watchpoint at zBgrHrtB
[*] [DEBUG] Site : Good morning!
[*] [DEBUG] Site : Nothing interesting in paste zBgrHrtB. Continuing
[*] [DEBUG] Paste : Wrote paste zBgrHrtB to file system successfully
[*] [DEBUG] Site : Nothing interesting in paste XU7mW2GJ. Continuing
[*] [DEBUG] Paste : Wrote paste XU7mW2GJ to file system successfully
[*] [DEBUG] Site : Nothing interesting in paste QkQ8mqZ0. Continuing
[*] [DEBUG] Paste : Wrote paste QkQ8mqZ0 to file system successfully
[*] [DEBUG] Site : Nothing interesting in paste cbqkizEx. Continuing
[*] [DEBUG] Paste : Wrote paste cbqkizEx to file system successfully
[*] [DEBUG] Site : Nothing interesting in paste zjSvzgBZ. Continuing
[*] [DEBUG] Paste : Wrote paste zjSvzgBZ to file system successfully
[*] [DEBUG] Site : Nothing interesting in paste ALGtSaKe. Continuing
[*] [DEBUG] Paste : Wrote paste ALGtSaKe to file system successfully
[*] [DEBUG] Site : Nothing interesting in paste G7e2ecGh. Continuing
[*] [DEBUG] Paste : Wrote paste G7e2ecGh to file system successfully
[*] [DEBUG] Site : Nothing interesting in paste vM1ZNhce. Continuing
[*] [DEBUG] Paste : Wrote paste vM1ZNhce to file system successfully
[*] [DEBUG] Site : Nothing interesting in paste vCwxcuq8. Continuing
[*] [DEBUG] Paste : Wrote paste vCwxcuq8 to file system successfully
[*] [DEBUG] Site : Nothing interesting in paste zMMrAgeu. Continuing
[*] [DEBUG] Paste : Wrote paste zMMrAgeu to file system successfully
[*] [DEBUG] Site : Nothing interesting in paste eznCYKHv. Continuing
[*] [DEBUG] Paste : Wrote paste eznCYKHv to file system successfully
[*] [DEBUG] Site : Nothing interesting in paste 3pRPTMx2. Continuing
[*] [DEBUG] Paste : Wrote paste 3pRPTMx2 to file system successfully
[*] [DEBUG] Site : Nothing interesting in paste V1E5bhS6. Continuing
[*] [DEBUG] Paste : Wrote paste V1E5bhS6 to file system successfully
[*] [DEBUG] Site : Nothing interesting in paste wiSc0fY9. Continuing
[*] [DEBUG] Paste : Wrote paste wiSc0fY9 to file system successfully
[*] [DEBUG] Site : Nothing interesting in paste fYHaanCF. Continuing
[*] [DEBUG] Paste : Wrote paste fYHaanCF to file system successfully
[*] [DEBUG] Site : Going to sleep
